<?xml version="1.0" encoding="UTF-8"?>
<!-- Generated by org.testng.reporters.JUnitReportReporter -->
<testsuite hostname="192.168.1.112" failures="0" tests="2" name="MyTestCases" time="5.770" errors="0" timestamp="2024-10-25T21:26:05 GMT+03:00" skipped="0">
  <testcase classname="MyTestCases" name="Login" time="4.202"/>
  <system-out/>
  <testcase classname="MyTestCases" name="AddToCart" time="1.568"/>
  <system-out/>
</testsuite> <!-- MyTestCases -->
